<?xml version="1.0" encoding="UTF-8"?>
<testng-results ignored="0" total="1" passed="1" failed="0" skipped="0">
  <reporter-output>
  </reporter-output>
  <suite started-at="2021-08-13T18:35:00 IST" name="InetBanking" finished-at="2021-08-13T18:35:43 IST" duration-ms="43087">
    <groups>
    </groups>
    <test started-at="2021-08-13T18:35:00 IST" name="BankingApp Test" finished-at="2021-08-13T18:35:43 IST" duration-ms="43087">
      <class name="testRunner.TC_AddNewCustomer_003">
        <test-method is-config="true" signature="setUp(java.lang.String)[pri:0, instance:testRunner.TC_AddNewCustomer_003@d6e7bab]" started-at="2021-08-13T18:35:02 IST" name="setUp" finished-at="2021-08-13T18:35:19 IST" duration-ms="17922" status="PASS">
          <params>
            <param index="0">
              <value>
                <![CDATA[chrome]]>
              </value>
            </param>
          </params>
          <reporter-output>
          </reporter-output>
        </test-method> <!-- setUp -->
        <test-method signature="addNewCustomer()[pri:0, instance:testRunner.TC_AddNewCustomer_003@d6e7bab]" started-at="2021-08-13T18:35:19 IST" name="addNewCustomer" finished-at="2021-08-13T18:35:41 IST" duration-ms="21513" status="PASS">
          <reporter-output>
          </reporter-output>
        </test-method> <!-- addNewCustomer -->
        <test-method is-config="true" signature="tearDown()[pri:0, instance:testRunner.TC_AddNewCustomer_003@d6e7bab]" started-at="2021-08-13T18:35:41 IST" name="tearDown" finished-at="2021-08-13T18:35:43 IST" duration-ms="1770" status="PASS">
          <reporter-output>
          </reporter-output>
        </test-method> <!-- tearDown -->
      </class> <!-- testRunner.TC_AddNewCustomer_003 -->
    </test> <!-- BankingApp Test -->
  </suite> <!-- InetBanking -->
</testng-results>
