<?xml version="1.0" encoding="UTF-8"?>
<testng-results ignored="0" total="1" passed="1" failed="0" skipped="0">
  <reporter-output>
  </reporter-output>
  <suite started-at="2021-08-12T22:16:36 IST" name="InetBanking" finished-at="2021-08-12T22:17:01 IST" duration-ms="25566">
    <groups>
    </groups>
    <test started-at="2021-08-12T22:16:36 IST" name="BankingApp Test" finished-at="2021-08-12T22:17:01 IST" duration-ms="25566">
      <class name="testRunner.TC_AddNewCustomer_003">
        <test-method is-config="true" signature="setUp(java.lang.String)[pri:0, instance:testRunner.TC_AddNewCustomer_003@74751b3]" started-at="2021-08-12T22:16:36 IST" name="setUp" finished-at="2021-08-12T22:16:44 IST" duration-ms="8038" status="PASS">
          <params>
            <param index="0">
              <value>
                <![CDATA[chrome]]>
              </value>
            </param>
          </params>
          <reporter-output>
          </reporter-output>
        </test-method> <!-- setUp -->
        <test-method signature="addNewCustomer()[pri:0, instance:testRunner.TC_AddNewCustomer_003@74751b3]" started-at="2021-08-12T22:16:44 IST" name="addNewCustomer" finished-at="2021-08-12T22:17:01 IST" duration-ms="16515" status="PASS">
          <reporter-output>
          </reporter-output>
        </test-method> <!-- addNewCustomer -->
        <test-method is-config="true" signature="tearDown()[pri:0, instance:testRunner.TC_AddNewCustomer_003@74751b3]" started-at="2021-08-12T22:17:01 IST" name="tearDown" finished-at="2021-08-12T22:17:01 IST" duration-ms="462" status="PASS">
          <reporter-output>
          </reporter-output>
        </test-method> <!-- tearDown -->
      </class> <!-- testRunner.TC_AddNewCustomer_003 -->
    </test> <!-- BankingApp Test -->
  </suite> <!-- InetBanking -->
</testng-results>
